53
ShoppingProv8
PhilippI FionaN
SlidesNextv2
PhilippH JenZ
DuoZv2
FionaF SundarP PhilippY
MapsProv8
SergeyT HiroshiW BakhodirD
GameProv6
StefanQ LarryO SusanQ
WebserverProv6
PhilippP
DocsNextv2
MatasC SundarP ClementL
ClassroomMaxv2
TatiyanaC SusanQ
ResearchXv8
BakhodirW ClementE JenK SundarP ClementM
WearOSLitev5
TatiyanaC MatasC BakhodirD NellyY PhilippI
GameProv3
PhilippY
ExploreUltrav8
ClementE FionaJ SundarL SusanQ BakhodirD PrabhakarR ClementM
GameLitev8
PhilippP SergeyN PhilippK MatasW
AndroidAutoZv2
SergeyU LarryX JenK PhilippH PhilippI
FeedBurnerMaxv3
LarryO TatiyanaC
ChromeOSLitev3
PhilippP HiroshiW PhilippY
MarsUltrav8
SergeyU PhilippP StefanQ RuthX BakhodirG SusanQ BenjaminT MatasW PhilippI
StreetViewProv9
ClementE HiroshiB LarryO SundarA MatasC PhilippK NellyY MatasW
GlassOSSv3
JenZ MatasW
MarsLitev5
TatiyanaC BakhodirD
BuildMaxv1
SergeyV RuthX MichalB PetarF NellyY
StreetViewXv1
JenK TatiyanaC FionaF
DuoZv4
LarryX RuthX SundarP PhilippK ThomasK ClementT ThomasM
SmartLitev9
PhilippP ThomasK JenZ
AssistantUltrav2
SergeyU PhilippP SergeyT MatasC BenjaminO MichalP
BloggerNextv8
ClementE PhilippP SundarL MatasW
DuoMaxv1
PhilippP FionaJ ClementL NellyY PhilippI
StreamXv9
LarryO
ChromeNextv7
BakhodirD JenG PhilippY
ShortsNextv7
FionaF HiroshiF PhilippY
ChromeOSUltrav5
SergeyU JenK HiroshiW PhilippK ClementL PhilippH
StreetViewNextv3
SusanQ PhilippH JenZ
SmartSv2
SundarH FionaF PhilippK BenjaminT FionaN
KeepXv5
PhilippP PrabhakarR MichalP
ConnectLitev9
SundarA
ReleaseUltrav1
BakhodirD ClementT
GlassOSLitev9
BakhodirG SundarA PhilippK HiroshiF ClementT PhilippH
DaydreamLitev7
BakhodirW
CollectionsZv7
SergeyV SergeyN FionaJ SundarA HiroshiW BakhodirD PhilippI
AndroidTVMaxv5
SundarP PhilippK PrabhakarR
CastOSProv6
LarryX
MoonMaxv4
BakhodirW StefanQ SundarA HiroshiW FionaF BakhodirD HiroshiF ThomasK ThomasM MichalP
FeedBurnerMaxv1
MichalB ClementL ThomasK PrabhakarR
AndroidTVNextv1
SergeyU SergeyV PhilippP LarryO NellyX MatasC SundarL ThomasM
MapsSv7
LarryX ClementE LarryO SundarA FionaF PhilippK BakhodirD ThomasK ClementM MatasW
SitesUltrav5
SergeyU TatiyanaC SergeyT SundarP BakhodirD PhilippY MatasW PhilippI
StadiaZv1
PhilippP TatiyanaC BenjaminT ClementM
SitesSv1
SergeyU ClementL
FuchsiaXv6
SundarA SundarL
VoiceProv8
ClementE TatiyanaC MatasC ClementM MatasW
StreamXv6
SergeyN HiroshiB BenjaminO ClementT ClementM
FuchsiaLitev6
SergeyV FionaJ SundarH BenjaminT ThomasK PhilippY PhilippI
MarsXv1
MatasH FionaJ MichalB HiroshiF
