61
SlidesNextv2
JenZ PhilippH
ShoppingProv8
FionaN PhilippI
StreamXv9
LarryO
CollectionsZv7
HiroshiW SergeyV BakhodirD PhilippI SundarA SergeyN ClementT
FeedBurnerMaxv3
TatiyanaC LarryO
ReleaseUltrav1
FionaJ LarryX
DuoZv4
ThomasK SundarP BakhodirD ClementT PhilippK RuthX ThomasM
SmartSv2
FionaF BakhodirW PhilippK BenjaminT FionaN
StreetViewProv9
SundarA JenK ClementE MatasW MatasC PhilippK NellyY LarryO
AndroidAutoZv2
PhilippH JenK PhilippI BakhodirD SergeyU
ChromeNextv7
JenG BakhodirD PhilippY
GlassOSSv3
MatasW JenZ
StreamXv6
BakhodirW JenK SergeyN ClementM ClementT
SitesSv1
SergeyU ClementL
StreetViewXv1
TatiyanaC HiroshiB FionaF
DuoZv2
PhilippY SundarP FionaF
CultureProv7
MatasW TatiyanaC PhilippY SergeyU ClementT ThomasM BenjaminO ClementE
ResearchXv8
SundarP ClementM BakhodirW JenK ClementE
SkyLitev6
TatiyanaC ThomasM PhilippI
MapsSv7
SundarA PhilippK FionaF LarryO ClementM ThomasK MatasW BakhodirD ClementE LarryX
DataZv2
SusanQ ThomasM ClementM FionaF SergeyT PhilippH SergeyN StefanQ
DaydreamLitev7
BakhodirW
ShortsNextv7
FionaF PhilippY PrabhakarR
MarsXv1
HiroshiF ClementT MichalB MatasH
BloggerNextv8
PhilippP ClementE MatasW SergeyV
FuchsiaXv6
JenG SundarA
WearOSLitev5
NellyY BakhodirD TatiyanaC JenK PhilippI
FuchsiaLitev6
PhilippY BenjaminT ThomasK FionaJ BakhodirW PhilippI SergeyV
PhoneUltrav1
BakhodirW LarryO ThomasM SundarH StefanQ
MarsUltrav8
PhilippI SergeyU SusanQ PhilippP StefanQ BenjaminT RuthX BakhodirG MatasW
DocsNextv2
SundarP JenK ClementL
WearOSProv2
FionaN NellyY SergeyV PhilippY ClementT ThomasM MatasW PhilippH StefanQ
SmartLitev9
JenZ ThomasK PhilippP
DreamSv2
SusanQ PhilippP SergeyN LarryO PhilippI MatasW
GameProv3
PhilippY
CastOSNextv8
LarryO BakhodirD ClementM PetarF ThomasM BakhodirW NellyY TatiyanaC
GameProv6
LarryO SusanQ StefanQ
ChromeOSUltrav5
HiroshiB PhilippH SergeyU HiroshiW PhilippK ClementL
MapsProv8
HiroshiW SergeyT BakhodirD
MarsLitev5
BakhodirD TatiyanaC
ChromeOSLitev3
PhilippP HiroshiW PhilippY
MapsUltrav3
TatiyanaC HiroshiW PhilippP
WebserverProv6
PhilippP
StadiaZv1
TatiyanaC ClementM BenjaminT PhilippP
ConnectLitev9
SundarA
SantaTrackerXv4
HiroshiW ThomasM ClementE BakhodirG ClementL FionaJ SergeyU PhilippH SusanQ MichalP
AssistantUltrav2
JenK SergeyU SergeyT MichalP BakhodirW PhilippP
VoiceProv8
MatasW ClementE JenK ClementM TatiyanaC
GlassOSLitev9
FionaJ PetarF SundarA PhilippK PrabhakarR PhilippH
ClassroomMaxv2
TatiyanaC SusanQ
GameLitev8
PhilippP PhilippK MatasW SergeyN
CastOSProv6
BakhodirD
BuildLitev6
BakhodirG TatiyanaC MatasC PhilippI MichalB NellyY SergeyU FionaN PhilippK PhilippH
DatasetSearchNextv1
SergeyU HiroshiW FionaF PrabhakarR BakhodirG HiroshiF ClementE
KeepXv5
PhilippP HiroshiF MatasH
AndroidTVMaxv5
PrabhakarR SundarP PhilippK
CalendarNextv8
BakhodirG MichalB
SearchNextv1
SergeyV ThomasM MichalB SundarP ThomasK
StreetViewNextv3
SusanQ PhilippH JenZ
BuildMaxv1
MichalB RuthX NellyY BakhodirG SergeyV
FeedBurnerMaxv1
MichalB ThomasK ClementL HiroshiF
