69
WearOSLitev5
TatiyanaC MatasC BakhodirD NellyY PhilippI
GameLitev8
PhilippP SergeyN PhilippK MatasW
SlidesNextv2
PhilippH JenZ
MarsXv1
FionaJ MichalB PrabhakarR MichalP
ReleaseUltrav1
BakhodirD ClementT
MapsProv8
SergeyT HiroshiW BakhodirD
MarsUltrav8
SergeyU PhilippP StefanQ RuthX BakhodirG SusanQ BenjaminT MatasW PhilippI
SmartLitev9
PhilippP ThomasK JenZ
GameProv6
StefanQ LarryO SusanQ
AndroidTVMaxv5
SundarP PhilippK HiroshiF
StreamXv9
LarryO
SmartSv2
BakhodirW FionaF PhilippK BenjaminT FionaN
DocsNextv2
JenK SundarP ClementL
FuchsiaLitev6
SergeyV FionaJ SundarH BenjaminT ThomasK PhilippY PhilippI
ChromeOSUltrav5
SergeyU HiroshiB HiroshiW PhilippK ClementL PhilippH
StreamXv6
SergeyN MatasC BenjaminO ClementT ClementM
AndroidAutoZv2
SergeyU LarryX MatasC PhilippH PhilippI
ConnectLitev9
SundarA
ShoppingProv8
PhilippI FionaN
FeedBurnerMaxv3
LarryO TatiyanaC
PhotoProv3
SergeyU SergeyV SergeyT SusanQ BakhodirD PrabhakarR MichalP
DuoZv2
FionaF SundarP PhilippY
GlassOSSv3
JenZ MatasW
StadiaZv1
PhilippP TatiyanaC BenjaminT ClementM
ShortsNextv7
FionaF HiroshiF PhilippY
SitesSv1
SergeyU ClementL
MarsLitev5
TatiyanaC BakhodirD
DreamSv2
PhilippP SergeyN LarryO SusanQ MatasW PhilippI
GlassOSLitev9
SundarA PhilippK HiroshiF ClementT PetarF PhilippH
FeedBurnerMaxv1
MichalB ClementL ThomasK PrabhakarR
KeepXv5
PhilippP HiroshiF MichalP
CollectionsZv7
SergeyN FionaJ SundarA HiroshiW SundarL BakhodirD PhilippI
AndroidTVNextv1
SergeyU SergeyV PhilippP LarryO NellyX MatasC SundarL ThomasM
DaydreamLitev7
BenjaminO
ExploreUltrav8
ClementE SundarL SusanQ BakhodirD ClementT PrabhakarR ClementM
CastOSProv6
BakhodirD
BuildMaxv1
SergeyV RuthX BakhodirG MichalB NellyY
StreetViewXv1
JenK TatiyanaC FionaF
StreetViewNextv3
SusanQ PhilippH JenZ
SitesUltrav5
SergeyU LarryX TatiyanaC SergeyT SundarP PhilippY MatasW PhilippI
SkyLitev6
TatiyanaC ThomasM PhilippI
WebserverProv6
PhilippP
AssistantUltrav2
SergeyU BakhodirW PhilippP StefanQ MatasC MichalP
DataZv2
StefanQ SergeyN SergeyT FionaF SusanQ PhilippH ClementM ThomasM
FuchsiaXv6
SergeyV SundarA
ClassroomMaxv2
TatiyanaC SusanQ
StreetViewProv9
ClementE HiroshiB LarryO SundarA MatasC PhilippK NellyY MatasW
BloggerNextv8
ClementE PhilippP SundarL MatasW
ChromeNextv7
BakhodirD JenG PhilippY
DuoZv4
LarryX RuthX FionaJ SundarP PhilippK ThomasK ThomasM
ChromeOSLitev3
PhilippP HiroshiW PhilippY
VoiceProv8
ClementE TatiyanaC MatasC ClementM MatasW
DuoMaxv1
PhilippP ClementL ClementT NellyY PhilippI
ResearchXv8
ClementE JenK SundarP BenjaminO ClementM
ChatSv4
PhilippP TatiyanaC PetarF JenZ
MapsUltrav3
PhilippP TatiyanaC HiroshiW
SantaTrackerXv4
SergeyU ClementE FionaJ BakhodirG HiroshiW SusanQ ClementL PhilippH ThomasM MichalP
GameProv3
PhilippY
CultureProv7
SergeyU ClementE TatiyanaC SundarH ClementT ThomasM PhilippY MatasW
WebserverProv4
SergeyU ClementE PhilippP MichalZ HiroshiF PhilippH PhilippY MatasW PhilippI
AlertsLitev7
SergeyN SergeyT BenjaminT PrabhakarR
CastOSNextv8
BakhodirW LarryO TatiyanaC BakhodirD PetarF ClementM ThomasM NellyY
MapsSv7
LarryX ClementE LarryO SundarA FionaF PhilippK BakhodirD ThomasK ClementM MatasW
SearchNextv1
SergeyV MichalB SundarP ThomasK ThomasM
StreetViewUltrav4
SergeyU HiroshiW JenZ
WearOSProv2
SergeyV StefanQ FionaJ PhilippH ThomasM PhilippY NellyY MatasW FionaN
MoonMaxv4
SundarA SergeyT HiroshiW FionaF BenjaminO BakhodirD ThomasK PrabhakarR ThomasM MichalP
PhoneUltrav1
BakhodirW StefanQ LarryO SundarH ThomasM
StadiaZv2
MatasH BakhodirG FionaF ThomasK JenZ MichalP
