55
MarsUltrav8
SergeyU PhilippP RuthX BakhodirG SergeyT SusanQ BenjaminT MatasW PhilippI
ChromeOSLitev3
PhilippP HiroshiW PhilippY
ConnectLitev9
SundarA
AndroidTVMaxv5
SundarP PhilippK HiroshiF
DuoZv2
FionaF SundarP PhilippY
SmartSv2
SundarH FionaF PhilippK BenjaminT FionaN
SlidesNextv2
PhilippH JenZ
ClassroomMaxv2
TatiyanaC SusanQ
StreamXv9
LarryO
FuchsiaLitev6
SergeyV BakhodirW FionaJ BenjaminT ThomasK PhilippY PhilippI
GameLitev8
PhilippP SergeyN PhilippK MatasW
GlassOSLitev9
SundarA PhilippK ClementT PetarF PhilippH PrabhakarR
FeedBurnerMaxv3
LarryO TatiyanaC
ResearchXv8
ClementE MatasC SundarP BenjaminO ClementM
DuoZv4
LarryX RuthX FionaJ SundarP PhilippK ThomasK ThomasM
AndroidAutoZv2
SergeyU JenK BakhodirD PhilippH PhilippI
FeedBurnerMaxv1
MichalB ClementL HiroshiF ThomasK
SitesSv1
SergeyU ClementL
AndroidTVNextv1
SergeyU SergeyV PhilippP LarryO MatasC SundarL MichalZ ThomasM
CollectionsZv7
SergeyV SergeyN SundarA HiroshiW BakhodirD ClementT PhilippI
GameProv3
PhilippY
MapsSv7
LarryX ClementE LarryO SundarA FionaF PhilippK BakhodirD ThomasK ClementM MatasW
ShoppingProv8
PhilippI FionaN
MarsXv1
FionaJ MichalB PrabhakarR MichalP
WearOSLitev5
JenK TatiyanaC BakhodirD NellyY PhilippI
ExploreUltrav8
ClementE FionaJ SundarL SusanQ BakhodirD HiroshiF ClementM
StadiaZv1
PhilippP TatiyanaC BenjaminT ClementM
ChromeOSUltrav5
SergeyU HiroshiB HiroshiW PhilippK ClementL PhilippH
FuchsiaXv6
SergeyV SundarA
StreetViewProv9
ClementE HiroshiB LarryO SundarA MatasC PhilippK NellyY MatasW
CultureProv7
SergeyU ClementE TatiyanaC BenjaminO ClementT ThomasM PhilippY MatasW
ShortsNextv7
FionaF PrabhakarR PhilippY
DocsNextv2
JenK SundarP ClementL
WebserverProv6
PhilippP
StreamXv6
JenK SergeyN FionaJ SundarH ClementM
ReleaseUltrav1
FionaJ BakhodirD
ChromeNextv7
BakhodirD BakhodirA PhilippY
SmartLitev9
PhilippP ThomasK JenZ
BuildMaxv1
SergeyV RuthX BakhodirG MichalB NellyY
DaydreamLitev7
BakhodirW
DuoMaxv1
PhilippP ClementL ClementT NellyY PhilippI
AssistantUltrav2
SergeyU BakhodirW PhilippP StefanQ MatasC MichalP
MapsProv8
LarryX SergeyT HiroshiW
DataZv2
StefanQ SergeyN SergeyT FionaF SusanQ PhilippH ClementM ThomasM
StreetViewXv1
HiroshiB TatiyanaC FionaF
CastOSProv6
LarryX
MarsLitev5
TatiyanaC BakhodirD
MapsUltrav3
PhilippP TatiyanaC HiroshiW
GlassOSSv3
JenZ MatasW
SitesUltrav5
SergeyU LarryX TatiyanaC SergeyT SundarP PhilippY MatasW PhilippI
GameProv6
StefanQ LarryO SusanQ
BloggerNextv8
ClementE PhilippP SundarL MatasW
CastOSNextv8
LarryO TatiyanaC SundarH BakhodirD PetarF ClementM ThomasM NellyY
DreamSv2
PhilippP SergeyN LarryO SusanQ MatasW PhilippI
PhotoProv3
SergeyU SergeyV SergeyT SusanQ BakhodirD HiroshiF MichalP
