53
SlidesNextv2
PhilippH JenZ
AndroidAutoZv2
SergeyU LarryX MatasC PhilippH PhilippI
StreetViewProv9
ClementE HiroshiB LarryO SundarA MatasC PhilippK NellyY MatasW
GameProv3
PhilippY
MapsProv8
SergeyT HiroshiW BakhodirD
ChromeOSUltrav5
SergeyU JenK HiroshiW PhilippK ClementL PhilippH
ConnectLitev9
SundarA
CollectionsZv7
SergeyV SergeyN FionaJ SundarA HiroshiW BakhodirD PhilippI
CastOSProv6
BakhodirD
GameProv6
StefanQ LarryO SusanQ
GlassOSLitev9
BakhodirG SundarA PhilippK HiroshiF ClementT PhilippH
ClassroomMaxv2
TatiyanaC SusanQ
ShoppingProv8
PhilippI FionaN
DuoZv2
FionaF SundarP PhilippY
FuchsiaXv6
SundarA SundarL
BuildMaxv1
SergeyV RuthX MichalB PetarF NellyY
StreetViewXv1
TatiyanaC MatasC FionaF
MarsLitev5
TatiyanaC BakhodirD
ChromeNextv7
BakhodirD BakhodirA PhilippY
ExploreUltrav8
SergeyV ClementE FionaJ SusanQ BakhodirD PrabhakarR ClementM
ReleaseUltrav1
BakhodirD ClementT
SmartLitev9
PhilippP ThomasK JenZ
ShortsNextv7
FionaF HiroshiF PhilippY
FeedBurnerMaxv3
LarryO TatiyanaC
DaydreamLitev7
BenjaminO
GameLitev8
PhilippP SergeyN PhilippK MatasW
FeedBurnerMaxv1
MichalB ClementL HiroshiF ThomasK
StreamXv6
SergeyN FionaJ HiroshiB SundarH ClementM
GlassOSSv3
JenZ MatasW
MarsXv1
FionaJ MichalB PrabhakarR MichalP
AndroidTVMaxv5
SundarP PhilippK HiroshiF
DuoZv4
LarryX RuthX SundarP PhilippK ThomasK ClementT ThomasM
DocsNextv2
JenK SundarP ClementL
AssistantUltrav2
SergeyU BakhodirW PhilippP SergeyT MatasC MichalP
MapsSv7
LarryX ClementE LarryO SundarA FionaF PhilippK BakhodirD ThomasK ClementM MatasW
BloggerNextv8
ClementE PhilippP SundarL MatasW
ChromeOSLitev3
PhilippP HiroshiW PhilippY
MarsUltrav8
SergeyU PhilippP StefanQ RuthX SusanQ BenjaminT PetarF MatasW PhilippI
StreetViewNextv3
SusanQ PhilippH JenZ
KeepXv5
PhilippP HiroshiF MichalP
AndroidTVNextv1
SergeyU SergeyV PhilippP LarryO MatasC SundarL MichalZ ThomasM
WearOSLitev5
HiroshiB TatiyanaC BakhodirD NellyY PhilippI
MapsUltrav3
PhilippP TatiyanaC HiroshiW
WebserverProv6
PhilippP
DuoMaxv1
PhilippP FionaJ ClementL NellyY PhilippI
StreamXv9
LarryO
CultureProv7
SergeyU ClementE TatiyanaC BenjaminO ClementT ThomasM PhilippY MatasW
ResearchXv8
ClementE JenK SundarH SundarP ClementM
SitesSv1
SergeyU ClementL
SmartSv2
BakhodirW FionaF PhilippK BenjaminT FionaN
DreamSv2
PhilippP SergeyN LarryO SusanQ MatasW PhilippI
SitesUltrav5
SergeyU LarryX TatiyanaC SergeyT SundarP PhilippY MatasW PhilippI
AlertsLitev7
SergeyN SergeyT BenjaminT PrabhakarR
