13
ChromeLitev7
c712 c818 c787 c164 c382 c53 c641 c165 c1290 c839 c599 c350 c514 c942 c817 c1182 c538 c275 c310 c1470 c292 c1433 c549 c265 c432 c642 c852 c423 c1000 c453 c837 c1352 c1210 c553 c517 c1368 c803 c716 c245 c530 c1030 c1269 c465 c56 c594 c315 c137 c1126 c330 c921 c1236 c883 c909 c683 c359
LoggingUltrav9
c402 c332 c169 c1035 c1462 c479 c1460 c783 c924 c1356 c1252 c1439 c585 c51 c986 c1080 c57 c1221 c101 c87
MapsUltrav8
c647 c352 c1227 c611 c849 c912 c44 c846 c1202 c131 c133 c587 c473 c388 c123 c1448 c780 c708 c328 c1297 c484 c543 c949 c700 c369 c766 c658 c648 c1397 c319 c479 c158 c80 c1182 c645 c1490 c36 c86 c61 c346 c945 c1156 c1087 c151 c905 c511 c697 c1185 c1304 c598 c968 c790 c203 c1001
SheetsZv6
c838 c199 c174 c981 c129 c235 c587 c1076 c1438 c378 c1145 c1432 c1281 c387 c1352 c1096 c709 c1433 c217 c551 c1124 c1062 c698 c1167 c891 c787 c1446 c1313 c163 c1234 c833 c1104 c572 c1141 c54
WearOSProv5
c692 c144 c985 c1472 c205 c1414 c1249 c361 c5 c609 c1305 c410 c1473 c1400 c747 c600 c760 c1325 c1029 c409 c1191 c279 c474
AndroidTVSv9
c355 c632 c509 c1166 c927 c722 c576 c913 c584 c574 c848 c794 c1 c314 c675 c725 c215 c1168 c732 c446 c613 c917 c1103
ReleaseMaxv8
c886 c1485 c508 c1088 c1010 c187 c1459 c1197 c466 c301 c719 c259 c1097 c25 c280 c635 c674 c1334 c540 c818 c641 c1280 c1402 c1089 c650 c1374
CultureLitev7
c1428 c759 c65 c172 c22 c1287 c779 c688 c367 c1250 c302 c501 c1410 c1489 c1408 c370 c1430 c1332 c1440 c617 c1041 c1102 c812 c964 c823 c1338 c1066
CastOSUltrav6
c823 c1217 c1404 c920 c778 c526 c760 c855 c676 c277 c674 c586 c105 c1478 c397 c694 c876 c558 c850 c1008 c380 c1153 c290 c866 c1034 c448 c274 c447 c421 c332 c1464 c538 c926 c404
DataMaxv3
c12 c77 c42 c312 c18 c1112 c496 c1333 c1041 c116 c124 c1358 c1006 c831 c702 c1480 c537 c1018 c62 c1098 c1106 c636 c847 c375 c675 c1131 c1043
ImagesNextv7
c903 c250 c1036 c575 c821 c686 c1049 c216 c385 c447 c966 c552 c1499 c951 c446 c203 c1149 c866 c1280 c1119 c643 c230 c853 c747 c1148 c836 c49 c363 c582 c988 c401 c712 c74 c116 c887 c1064 c1150 c1377 c1060 c1092 c1469 c541 c859 c726 c69 c1195 c971 c667 c775 c711 c194 c980 c1106 c1484 c566 c222 c960
BooksUltrav6
c209 c627 c756 c1145 c1041 c1260 c469 c1017 c745 c702 c109 c1259 c548 c953 c1086 c0 c600 c1290 c1151 c920 c95 c987 c156 c1163 c937 c1430 c856 c1460 c1291 c868 c481 c232 c268 c709 c1314 c334 c708 c668 c1237 c1357 c1434 c376 c477 c799 c1248 c1485 c23 c1056 c318 c798 c1129 c245 c555 c526 c528 c544
VideoNextv3
c891 c1462 c1338 c872 c1180 c1483 c181 c756 c839 c1349 c69 c274 c1061 c4 c421 c598 c904 c261 c336 c1115 c1344 c776 c129 c792 c787 c1152 c8 c1053 c582 c1219 c1444 c210 c645 c852 c935 c1306 c430 c1253 c827 c1446 c996 c428 c44 c1137 c20 c1150 c288 c216 c1145 c1439 c1464 c570 c900 c249 c974 c251 c758 c702
